# Logfile created on 2018-04-07 15:28:27 +0000 by logger.rb/56815
[2018-04-07T15:28:29+00:00] INFO: Started chef-zero at chefzero://localhost:1 with repository at C:/Chef/chef-repo
  One version per cookbook

[2018-04-07T15:28:29+00:00] INFO: *** Chef 13.8.5 ***
[2018-04-07T15:28:29+00:00] INFO: Platform: x64-mingw32
[2018-04-07T15:28:29+00:00] INFO: Chef-client pid: 4844
[2018-04-07T15:28:29+00:00] INFO: The plugin path C:\chef\ohai\plugins does not exist. Skipping...
[2018-04-07T15:28:39+00:00] INFO: Setting the run_list to ["recipe[dotnet::default]"] from CLI options
[2018-04-07T15:28:39+00:00] INFO: Run List is [recipe[dotnet::default]]
[2018-04-07T15:28:39+00:00] INFO: Run List expands to [dotnet::default]
[2018-04-07T15:28:39+00:00] INFO: Starting Chef Run for EC2AMAZ-8ULKNOG
[2018-04-07T15:28:39+00:00] INFO: Running start handlers
[2018-04-07T15:28:39+00:00] INFO: Start handlers complete.
[2018-04-07T15:28:39+00:00] INFO: Loading cookbooks [dotnet@0.1.0]
[2018-04-07T15:28:39+00:00] INFO: Storing updated cookbooks/dotnet/.kitchen.yml in the cache.
[2018-04-07T15:28:39+00:00] INFO: Storing updated cookbooks/dotnet/attributes/default.rb in the cache.
[2018-04-07T15:28:39+00:00] INFO: Storing updated cookbooks/dotnet/Berksfile in the cache.
[2018-04-07T15:28:39+00:00] INFO: Storing updated cookbooks/dotnet/chefignore in the cache.
[2018-04-07T15:28:39+00:00] INFO: Storing updated cookbooks/dotnet/LICENSE in the cache.
[2018-04-07T15:28:39+00:00] INFO: Storing updated cookbooks/dotnet/spec/spec_helper.rb in the cache.
[2018-04-07T15:28:39+00:00] INFO: Storing updated cookbooks/dotnet/recipes/default.rb in the cache.
[2018-04-07T15:28:39+00:00] INFO: Storing updated cookbooks/dotnet/README.md in the cache.
[2018-04-07T15:28:39+00:00] INFO: Storing updated cookbooks/dotnet/metadata.rb in the cache.
[2018-04-07T15:28:39+00:00] INFO: Storing updated cookbooks/dotnet/.gitignore in the cache.
[2018-04-07T15:28:39+00:00] INFO: Storing updated cookbooks/dotnet/test/integration/default/default_test.rb in the cache.
[2018-04-07T15:28:39+00:00] INFO: Storing updated cookbooks/dotnet/spec/unit/recipes/default_spec.rb in the cache.
[2018-04-07T15:28:39+00:00] WARN: DotNet can only be installed on the Windows platform.
[2018-04-07T15:28:39+00:00] INFO: Chef Run complete in 0.34872 seconds
[2018-04-07T15:28:39+00:00] INFO: Running report handlers
[2018-04-07T15:28:39+00:00] INFO: Report handlers complete
[2018-04-07T15:28:39+00:00] WARN: *****************************************
[2018-04-07T15:28:39+00:00] WARN: Did not find config file: C:/solo.rb, using command line options.
[2018-04-07T15:28:39+00:00] WARN: *****************************************
[2018-04-07T15:28:39+00:00] FATAL: Cannot load configuration from .\node.json
[2018-04-07T15:33:55+00:00] INFO: Started chef-zero at chefzero://localhost:1 with repository at C:/Chef/chef-repo
  One version per cookbook

[2018-04-07T15:33:55+00:00] INFO: *** Chef 13.8.5 ***
[2018-04-07T15:33:55+00:00] INFO: Platform: x64-mingw32
[2018-04-07T15:33:55+00:00] INFO: Chef-client pid: 3600
[2018-04-07T15:33:55+00:00] INFO: The plugin path C:\chef\ohai\plugins does not exist. Skipping...
[2018-04-07T15:34:03+00:00] INFO: Setting the run_list to ["recipe[dotnet::default]"] from CLI options
[2018-04-07T15:34:03+00:00] INFO: Run List is [recipe[dotnet::default]]
[2018-04-07T15:34:03+00:00] INFO: Run List expands to [dotnet::default]
[2018-04-07T15:34:03+00:00] INFO: Starting Chef Run for EC2AMAZ-8ULKNOG
[2018-04-07T15:34:03+00:00] INFO: Running start handlers
[2018-04-07T15:34:03+00:00] INFO: Start handlers complete.
[2018-04-07T15:34:04+00:00] INFO: Loading cookbooks [dotnet@0.1.0]
[2018-04-07T15:34:04+00:00] WARN: DotNet can only be installed on the Windows platform.
[2018-04-07T15:34:04+00:00] INFO: Chef Run complete in 0.218724 seconds
[2018-04-07T15:34:04+00:00] INFO: Running report handlers
[2018-04-07T15:34:04+00:00] INFO: Report handlers complete
[2018-04-07T15:34:04+00:00] WARN: *****************************************
[2018-04-07T15:34:04+00:00] WARN: Did not find config file: C:/solo.rb, using command line options.
[2018-04-07T15:34:04+00:00] WARN: *****************************************
[2018-04-07T15:34:04+00:00] FATAL: Cannot load configuration from .\node.json
[2018-04-07T15:36:24+00:00] INFO: Started chef-zero at chefzero://localhost:1 with repository at C:/Chef/chef-repo
  One version per cookbook

[2018-04-07T15:36:24+00:00] INFO: *** Chef 13.8.5 ***
[2018-04-07T15:36:24+00:00] INFO: Platform: x64-mingw32
[2018-04-07T15:36:24+00:00] INFO: Chef-client pid: 2780
[2018-04-07T15:36:24+00:00] INFO: The plugin path C:\chef\ohai\plugins does not exist. Skipping...
[2018-04-07T15:36:32+00:00] INFO: Setting the run_list to ["recipe[dotnet::default]"] from CLI options
[2018-04-07T15:36:32+00:00] INFO: Run List is [recipe[dotnet::default]]
[2018-04-07T15:36:32+00:00] INFO: Run List expands to [dotnet::default]
[2018-04-07T15:36:32+00:00] INFO: Starting Chef Run for EC2AMAZ-8ULKNOG
[2018-04-07T15:36:32+00:00] INFO: Running start handlers
[2018-04-07T15:36:32+00:00] INFO: Start handlers complete.
[2018-04-07T15:36:32+00:00] INFO: Loading cookbooks [dotnet@0.1.0]
[2018-04-07T15:36:33+00:00] WARN: DotNet can only be installed on the Windows platform.
[2018-04-07T15:36:33+00:00] INFO: Chef Run complete in 0.218707 seconds
[2018-04-07T15:36:33+00:00] INFO: Running report handlers
[2018-04-07T15:36:33+00:00] INFO: Report handlers complete
[2018-04-07T15:39:43+00:00] FATAL: Cannot load configuration from C:\Chef\chef-rep\node.json
[2018-04-09T04:00:34+00:00] FATAL: Cannot load configuration from C:\Chef\chef-rep\node.json
[2018-04-09T04:11:51+00:00] FATAL: Cannot load configuration from C:\Chef\chef-rep\node.json
[2018-04-09T04:13:09+00:00] FATAL: Cannot load configuration from C:\Chef\chef-rep\node.json
[2018-04-09T04:16:19+00:00] INFO: Started chef-zero at chefzero://localhost:1 with repository at C:/Chef/chef-repo
  One version per cookbook

[2018-04-09T04:16:19+00:00] INFO: *** Chef 13.8.5 ***
[2018-04-09T04:16:19+00:00] INFO: Platform: x64-mingw32
[2018-04-09T04:16:19+00:00] INFO: Chef-client pid: 892
[2018-04-09T04:16:19+00:00] INFO: The plugin path C:\chef\ohai\plugins does not exist. Skipping...
[2018-04-09T04:16:29+00:00] INFO: Setting the run_list to ["recipe[dotnet::default]"] from CLI options
[2018-04-09T04:16:29+00:00] INFO: Run List is [recipe[dotnet::default]]
[2018-04-09T04:16:29+00:00] INFO: Run List expands to [dotnet::default]
[2018-04-09T04:16:29+00:00] INFO: Starting Chef Run for EC2AMAZ-8ULKNOG
[2018-04-09T04:16:29+00:00] INFO: Running start handlers
[2018-04-09T04:16:29+00:00] INFO: Start handlers complete.
[2018-04-09T04:16:29+00:00] INFO: Loading cookbooks [dotnet@0.1.0]
[2018-04-09T04:16:29+00:00] WARN: DotNet can only be installed on the Windows platform.
[2018-04-09T04:16:29+00:00] INFO: Chef Run complete in 0.35938 seconds
[2018-04-09T04:16:29+00:00] INFO: Running report handlers
[2018-04-09T04:16:29+00:00] INFO: Report handlers complete
[2018-04-09T04:26:28+00:00] INFO: Started chef-zero at chefzero://localhost:1 with repository at C:/Chef/chef-repo
  One version per cookbook

[2018-04-09T04:26:28+00:00] INFO: *** Chef 13.8.5 ***
[2018-04-09T04:26:28+00:00] INFO: Platform: x64-mingw32
[2018-04-09T04:26:28+00:00] INFO: Chef-client pid: 4188
[2018-04-09T04:26:28+00:00] INFO: The plugin path C:\chef\ohai\plugins does not exist. Skipping...
[2018-04-09T04:26:36+00:00] INFO: Setting the run_list to ["recipe[dotnet::default]"] from CLI options
[2018-04-09T04:26:36+00:00] INFO: Run List is [recipe[dotnet::default]]
[2018-04-09T04:26:36+00:00] INFO: Run List expands to [dotnet::default]
[2018-04-09T04:26:36+00:00] INFO: Starting Chef Run for EC2AMAZ-8ULKNOG
[2018-04-09T04:26:36+00:00] INFO: Running start handlers
[2018-04-09T04:26:36+00:00] INFO: Start handlers complete.
[2018-04-09T04:26:36+00:00] INFO: Loading cookbooks [dotnet@0.1.0]
[2018-04-09T04:26:36+00:00] WARN: DotNet can only be installed on the Windows platform.
[2018-04-09T04:26:37+00:00] INFO: Chef Run complete in 0.249984 seconds
[2018-04-09T04:26:37+00:00] INFO: Running report handlers
[2018-04-09T04:26:37+00:00] INFO: Report handlers complete
[2018-04-09T04:28:42+00:00] INFO: Started chef-zero at chefzero://localhost:1 with repository at C:/Chef/chef-repo
  One version per cookbook

[2018-04-09T04:28:42+00:00] INFO: *** Chef 13.8.5 ***
[2018-04-09T04:28:42+00:00] INFO: Platform: x64-mingw32
[2018-04-09T04:28:42+00:00] INFO: Chef-client pid: 4584
[2018-04-09T04:28:42+00:00] INFO: The plugin path C:\chef\ohai\plugins does not exist. Skipping...
[2018-04-09T04:28:50+00:00] INFO: Setting the run_list to ["recipe[dotnet::default]"] from CLI options
[2018-04-09T04:28:50+00:00] INFO: Run List is [recipe[dotnet::default]]
[2018-04-09T04:28:50+00:00] INFO: Run List expands to [dotnet::default]
[2018-04-09T04:28:50+00:00] INFO: Starting Chef Run for EC2AMAZ-8ULKNOG
[2018-04-09T04:28:50+00:00] INFO: Running start handlers
[2018-04-09T04:28:50+00:00] INFO: Start handlers complete.
[2018-04-09T04:28:50+00:00] INFO: Loading cookbooks [dotnet@0.1.0]
[2018-04-09T04:28:50+00:00] INFO: Storing updated cookbooks/dotnet/recipes/default.rb in the cache.
[2018-04-09T04:28:50+00:00] INFO: Processing windows_package[dotnet] action install (dotnet::default line 7)
[2018-04-09T04:28:50+00:00] INFO: Processing remote_file[C:\Chef\chef-repo\.chef\cache\package\confirmation.aspx] action create (dynamically defined)
[2018-04-09T04:28:52+00:00] INFO: remote_file[C:\Chef\chef-repo\.chef\cache\package\confirmation.aspx] created file C:\Chef\chef-repo\.chef\cache\package\confirmation.aspx
[2018-04-09T04:28:52+00:00] INFO: remote_file[C:\Chef\chef-repo\.chef\cache\package\confirmation.aspx] updated file contents C:\Chef\chef-repo\.chef\cache\package\confirmation.aspx
[2018-04-09T04:28:53+00:00] INFO: windows_package[dotnet] installed dotnet at latest
[2018-04-09T04:28:53+00:00] INFO: Chef Run complete in 2.84373 seconds
[2018-04-09T04:28:53+00:00] INFO: Running report handlers
[2018-04-09T04:28:53+00:00] INFO: Report handlers complete
[2018-04-09T04:49:04+00:00] INFO: Started chef-zero at chefzero://localhost:1 with repository at C:/Chef/chef-repo
  One version per cookbook

[2018-04-09T04:49:04+00:00] INFO: *** Chef 13.8.5 ***
[2018-04-09T04:49:04+00:00] INFO: Platform: x64-mingw32
[2018-04-09T04:49:04+00:00] INFO: Chef-client pid: 2716
[2018-04-09T04:49:04+00:00] INFO: The plugin path C:\chef\ohai\plugins does not exist. Skipping...
[2018-04-09T04:49:16+00:00] INFO: Setting the run_list to ["recipe[dotnet::default]"] from CLI options
[2018-04-09T04:49:16+00:00] INFO: Run List is [recipe[dotnet::default]]
[2018-04-09T04:49:16+00:00] INFO: Run List expands to [dotnet::default]
[2018-04-09T04:49:16+00:00] INFO: Starting Chef Run for EC2AMAZ-8ULKNOG
[2018-04-09T04:49:16+00:00] INFO: Running start handlers
[2018-04-09T04:49:16+00:00] INFO: Start handlers complete.
[2018-04-09T04:49:16+00:00] INFO: Loading cookbooks [dotnet@0.1.0]
[2018-04-09T04:49:16+00:00] INFO: Storing updated cookbooks/dotnet/attributes/default.rb in the cache.
[2018-04-09T04:49:16+00:00] INFO: Storing updated cookbooks/dotnet/recipes/default.rb in the cache.
[2018-04-09T04:49:16+00:00] ERROR: Running exception handlers
[2018-04-09T04:49:16+00:00] ERROR: Exception handlers complete
[2018-04-09T04:49:16+00:00] FATAL: Stacktrace dumped to C:/Chef/chef-repo/.chef/cache/chef-stacktrace.out
[2018-04-09T04:49:16+00:00] FATAL: Please provide the contents of the stacktrace.out file if you file a bug report
[2018-04-09T04:49:16+00:00] FATAL: NoMethodError: undefined method `versions' for Chef::Resource::WindowsPackage
[2018-04-09T04:49:56+00:00] INFO: Started chef-zero at chefzero://localhost:1 with repository at C:/Chef/chef-repo
  One version per cookbook

[2018-04-09T04:49:56+00:00] INFO: *** Chef 13.8.5 ***
[2018-04-09T04:49:56+00:00] INFO: Platform: x64-mingw32
[2018-04-09T04:49:56+00:00] INFO: Chef-client pid: 4452
[2018-04-09T04:49:56+00:00] INFO: The plugin path C:\chef\ohai\plugins does not exist. Skipping...
[2018-04-09T04:50:04+00:00] INFO: Setting the run_list to ["recipe[dotnet::default]"] from CLI options
[2018-04-09T04:50:04+00:00] INFO: Run List is [recipe[dotnet::default]]
[2018-04-09T04:50:04+00:00] INFO: Run List expands to [dotnet::default]
[2018-04-09T04:50:04+00:00] INFO: Starting Chef Run for EC2AMAZ-8ULKNOG
[2018-04-09T04:50:04+00:00] INFO: Running start handlers
[2018-04-09T04:50:04+00:00] INFO: Start handlers complete.
[2018-04-09T04:50:04+00:00] INFO: Loading cookbooks [dotnet@0.1.0]
[2018-04-09T04:50:04+00:00] INFO: Storing updated cookbooks/dotnet/recipes/default.rb in the cache.
[2018-04-09T04:50:04+00:00] ERROR: Running exception handlers
[2018-04-09T04:50:04+00:00] ERROR: Exception handlers complete
[2018-04-09T04:50:04+00:00] FATAL: Stacktrace dumped to C:/Chef/chef-repo/.chef/cache/chef-stacktrace.out
[2018-04-09T04:50:04+00:00] FATAL: Please provide the contents of the stacktrace.out file if you file a bug report
[2018-04-09T04:50:04+00:00] FATAL: NoMethodError: undefined method `versions' for Chef::Resource::WindowsPackage
[2018-04-09T04:51:54+00:00] INFO: Started chef-zero at chefzero://localhost:1 with repository at C:/Chef/chef-repo
  One version per cookbook

[2018-04-09T04:51:54+00:00] INFO: *** Chef 13.8.5 ***
[2018-04-09T04:51:54+00:00] INFO: Platform: x64-mingw32
[2018-04-09T04:51:54+00:00] INFO: Chef-client pid: 3788
[2018-04-09T04:51:54+00:00] INFO: The plugin path C:\chef\ohai\plugins does not exist. Skipping...
[2018-04-09T04:52:02+00:00] INFO: Setting the run_list to ["recipe[dotnet::default]"] from CLI options
[2018-04-09T04:52:02+00:00] INFO: Run List is [recipe[dotnet::default]]
[2018-04-09T04:52:02+00:00] INFO: Run List expands to [dotnet::default]
[2018-04-09T04:52:02+00:00] INFO: Starting Chef Run for EC2AMAZ-8ULKNOG
[2018-04-09T04:52:02+00:00] INFO: Running start handlers
[2018-04-09T04:52:02+00:00] INFO: Start handlers complete.
[2018-04-09T04:52:03+00:00] INFO: Loading cookbooks [dotnet@0.1.0]
[2018-04-09T04:52:03+00:00] INFO: Storing updated cookbooks/dotnet/recipes/default.rb in the cache.
[2018-04-09T04:52:03+00:00] ERROR: Running exception handlers
[2018-04-09T04:52:03+00:00] ERROR: Exception handlers complete
[2018-04-09T04:52:03+00:00] FATAL: Stacktrace dumped to C:/Chef/chef-repo/.chef/cache/chef-stacktrace.out
[2018-04-09T04:52:03+00:00] FATAL: Please provide the contents of the stacktrace.out file if you file a bug report
[2018-04-09T04:52:03+00:00] FATAL: NoMethodError: undefined method `versions' for Chef::Resource::WindowsPackage
[2018-04-09T04:52:32+00:00] INFO: Started chef-zero at chefzero://localhost:1 with repository at C:/Chef/chef-repo
  One version per cookbook

[2018-04-09T04:52:33+00:00] INFO: *** Chef 13.8.5 ***
[2018-04-09T04:52:33+00:00] INFO: Platform: x64-mingw32
[2018-04-09T04:52:33+00:00] INFO: Chef-client pid: 752
[2018-04-09T04:52:33+00:00] INFO: The plugin path C:\chef\ohai\plugins does not exist. Skipping...
[2018-04-09T04:52:41+00:00] INFO: Setting the run_list to ["recipe[dotnet::default]"] from CLI options
[2018-04-09T04:52:41+00:00] INFO: Run List is [recipe[dotnet::default]]
[2018-04-09T04:52:41+00:00] INFO: Run List expands to [dotnet::default]
[2018-04-09T04:52:41+00:00] INFO: Starting Chef Run for EC2AMAZ-8ULKNOG
[2018-04-09T04:52:41+00:00] INFO: Running start handlers
[2018-04-09T04:52:41+00:00] INFO: Start handlers complete.
[2018-04-09T04:52:41+00:00] INFO: Loading cookbooks [dotnet@0.1.0]
[2018-04-09T04:52:41+00:00] INFO: Storing updated cookbooks/dotnet/recipes/default.rb in the cache.
[2018-04-09T04:52:41+00:00] INFO: Processing windows_package[dotnet] action install (dotnet::default line 7)
[2018-04-09T04:52:41+00:00] INFO: Running queued delayed notifications before re-raising exception
[2018-04-09T04:52:41+00:00] ERROR: Running exception handlers
[2018-04-09T04:52:41+00:00] ERROR: Exception handlers complete
[2018-04-09T04:52:41+00:00] FATAL: Stacktrace dumped to C:/Chef/chef-repo/.chef/cache/chef-stacktrace.out
[2018-04-09T04:52:41+00:00] FATAL: Please provide the contents of the stacktrace.out file if you file a bug report
[2018-04-09T04:52:41+00:00] FATAL: Chef::Exceptions::NoWindowsPackageSource: windows_package[dotnet] (dotnet::default line 7) had an error: Chef::Exceptions::NoWindowsPackageSource: Source for package dotnet must be specified in the resource's source property for package to be installed because the package_name property is used to test for the package installation state for this package type.
[2018-04-09T04:54:00+00:00] INFO: Started chef-zero at chefzero://localhost:1 with repository at C:/Chef/chef-repo
  One version per cookbook

[2018-04-09T04:54:00+00:00] INFO: *** Chef 13.8.5 ***
[2018-04-09T04:54:00+00:00] INFO: Platform: x64-mingw32
[2018-04-09T04:54:00+00:00] INFO: Chef-client pid: 5116
[2018-04-09T04:54:00+00:00] INFO: The plugin path C:\chef\ohai\plugins does not exist. Skipping...
[2018-04-09T04:54:09+00:00] INFO: Setting the run_list to ["recipe[dotnet::default]"] from CLI options
[2018-04-09T04:54:09+00:00] INFO: Run List is [recipe[dotnet::default]]
[2018-04-09T04:54:09+00:00] INFO: Run List expands to [dotnet::default]
[2018-04-09T04:54:09+00:00] INFO: Starting Chef Run for EC2AMAZ-8ULKNOG
[2018-04-09T04:54:09+00:00] INFO: Running start handlers
[2018-04-09T04:54:09+00:00] INFO: Start handlers complete.
[2018-04-09T04:54:09+00:00] INFO: Loading cookbooks [dotnet@0.1.0]
[2018-04-09T04:54:09+00:00] INFO: Storing updated cookbooks/dotnet/recipes/default.rb in the cache.
[2018-04-09T04:54:09+00:00] INFO: Processing windows_package[dotnet] action install (dotnet::default line 7)
[2018-04-09T04:54:09+00:00] INFO: Processing remote_file[C:\Chef\chef-repo\.chef\cache\package\confirmation.aspx] action create (dynamically defined)
[2018-04-09T04:54:10+00:00] INFO: remote_file[C:\Chef\chef-repo\.chef\cache\package\confirmation.aspx] updated file contents C:\Chef\chef-repo\.chef\cache\package\confirmation.aspx
[2018-04-09T04:55:02+00:00] INFO: windows_package[dotnet] installed dotnet at latest
[2018-04-09T04:55:03+00:00] INFO: Chef Run complete in 53.999947 seconds
[2018-04-09T04:55:03+00:00] INFO: Running report handlers
[2018-04-09T04:55:03+00:00] INFO: Report handlers complete
[2018-04-09T05:09:55+00:00] INFO: Started chef-zero at chefzero://localhost:1 with repository at C:/Chef/chef-repo
  One version per cookbook

[2018-04-09T05:09:55+00:00] INFO: *** Chef 13.8.5 ***
[2018-04-09T05:09:55+00:00] INFO: Platform: x64-mingw32
[2018-04-09T05:09:55+00:00] INFO: Chef-client pid: 4988
[2018-04-09T05:09:55+00:00] INFO: The plugin path C:\chef\ohai\plugins does not exist. Skipping...
[2018-04-09T05:10:06+00:00] INFO: Setting the run_list to ["recipe[dotnet::default]"] from CLI options
[2018-04-09T05:10:06+00:00] INFO: Run List is [recipe[dotnet::default]]
[2018-04-09T05:10:06+00:00] INFO: Run List expands to [dotnet::default]
[2018-04-09T05:10:06+00:00] INFO: Starting Chef Run for EC2AMAZ-8ULKNOG
[2018-04-09T05:10:06+00:00] INFO: Running start handlers
[2018-04-09T05:10:06+00:00] INFO: Start handlers complete.
[2018-04-09T05:10:07+00:00] INFO: Loading cookbooks [dotnet@0.1.0]
[2018-04-09T05:10:07+00:00] INFO: Storing updated cookbooks/dotnet/attributes/default.rb in the cache.
[2018-04-09T05:10:07+00:00] INFO: Storing updated cookbooks/dotnet/metadata.rb in the cache.
[2018-04-09T05:10:07+00:00] INFO: Processing windows_package[dotnet] action install (dotnet::default line 7)
[2018-04-09T05:10:07+00:00] INFO: Processing remote_file[C:\Chef\chef-repo\.chef\cache\package\confirmation.aspx] action create (dynamically defined)
[2018-04-09T05:10:08+00:00] INFO: remote_file[C:\Chef\chef-repo\.chef\cache\package\confirmation.aspx] updated file contents C:\Chef\chef-repo\.chef\cache\package\confirmation.aspx
[2018-04-09T05:10:30+00:00] INFO: windows_package[dotnet] installed dotnet at latest
[2018-04-09T05:10:30+00:00] INFO: Chef Run complete in 23.480141 seconds
[2018-04-09T05:10:30+00:00] INFO: Running report handlers
[2018-04-09T05:10:30+00:00] INFO: Report handlers complete
[2018-04-09T05:21:53+00:00] INFO: Started chef-zero at chefzero://localhost:1 with repository at C:/Chef/chef-repo
  One version per cookbook

[2018-04-09T05:21:53+00:00] INFO: *** Chef 13.8.5 ***
[2018-04-09T05:21:53+00:00] INFO: Platform: x64-mingw32
[2018-04-09T05:21:53+00:00] INFO: Chef-client pid: 3228
[2018-04-09T05:21:53+00:00] INFO: The plugin path C:\chef\ohai\plugins does not exist. Skipping...
[2018-04-09T05:22:02+00:00] INFO: Setting the run_list to ["recipe[dotnet::default]"] from CLI options
[2018-04-09T05:22:02+00:00] INFO: Run List is [recipe[dotnet::default]]
[2018-04-09T05:22:02+00:00] INFO: Run List expands to [dotnet::default]
[2018-04-09T05:22:02+00:00] INFO: Starting Chef Run for EC2AMAZ-8ULKNOG
[2018-04-09T05:22:02+00:00] INFO: Running start handlers
[2018-04-09T05:22:02+00:00] INFO: Start handlers complete.
[2018-04-09T05:22:02+00:00] INFO: Loading cookbooks [dotnet@0.1.0]
[2018-04-09T05:22:02+00:00] INFO: Storing updated cookbooks/dotnet/recipes/default.rb in the cache.
[2018-04-09T05:22:02+00:00] ERROR: Running exception handlers
[2018-04-09T05:22:02+00:00] ERROR: Exception handlers complete
[2018-04-09T05:22:02+00:00] FATAL: Stacktrace dumped to C:/Chef/chef-repo/.chef/cache/chef-stacktrace.out
[2018-04-09T05:22:02+00:00] FATAL: Please provide the contents of the stacktrace.out file if you file a bug report
[2018-04-09T05:22:02+00:00] FATAL: NoMethodError: undefined method `perform_reboot' for Chef::Resource::WindowsPackage
[2018-04-09T05:23:01+00:00] INFO: Started chef-zero at chefzero://localhost:1 with repository at C:/Chef/chef-repo
  One version per cookbook

[2018-04-09T05:23:01+00:00] INFO: *** Chef 13.8.5 ***
[2018-04-09T05:23:01+00:00] INFO: Platform: x64-mingw32
[2018-04-09T05:23:01+00:00] INFO: Chef-client pid: 2392
[2018-04-09T05:23:01+00:00] INFO: The plugin path C:\chef\ohai\plugins does not exist. Skipping...
[2018-04-09T05:23:09+00:00] INFO: Setting the run_list to ["recipe[dotnet::default]"] from CLI options
[2018-04-09T05:23:09+00:00] INFO: Run List is [recipe[dotnet::default]]
[2018-04-09T05:23:09+00:00] INFO: Run List expands to [dotnet::default]
[2018-04-09T05:23:09+00:00] INFO: Starting Chef Run for EC2AMAZ-8ULKNOG
[2018-04-09T05:23:09+00:00] INFO: Running start handlers
[2018-04-09T05:23:09+00:00] INFO: Start handlers complete.
[2018-04-09T05:23:09+00:00] INFO: Loading cookbooks [dotnet@0.1.0]
[2018-04-09T05:23:09+00:00] INFO: Storing updated cookbooks/dotnet/recipes/default.rb in the cache.
[2018-04-09T05:23:09+00:00] INFO: Processing windows_package[4.5] action install (dotnet::default line 7)
[2018-04-09T05:23:09+00:00] INFO: Processing remote_file[C:\Chef\chef-repo\.chef\cache\package\confirmation.aspx] action create (dynamically defined)
[2018-04-09T05:23:11+00:00] INFO: remote_file[C:\Chef\chef-repo\.chef\cache\package\confirmation.aspx] updated file contents C:\Chef\chef-repo\.chef\cache\package\confirmation.aspx
[2018-04-09T05:23:26+00:00] INFO: windows_package[4.5] installed 4.5 at latest
[2018-04-09T05:23:26+00:00] INFO: Chef Run complete in 16.812363 seconds
[2018-04-09T05:23:26+00:00] INFO: Running report handlers
[2018-04-09T05:23:26+00:00] INFO: Report handlers complete
[2018-04-09T05:31:13+00:00] INFO: Started chef-zero at chefzero://localhost:1 with repository at C:/Chef/chef-repo
  One version per cookbook

[2018-04-09T05:31:14+00:00] INFO: *** Chef 13.8.5 ***
[2018-04-09T05:31:14+00:00] INFO: Platform: x64-mingw32
[2018-04-09T05:31:14+00:00] INFO: Chef-client pid: 5000
[2018-04-09T05:31:14+00:00] INFO: The plugin path C:\chef\ohai\plugins does not exist. Skipping...
[2018-04-09T05:31:22+00:00] INFO: Setting the run_list to ["recipe[dotnet::default]"] from CLI options
[2018-04-09T05:31:22+00:00] INFO: Run List is [recipe[dotnet::default]]
[2018-04-09T05:31:22+00:00] INFO: Run List expands to [dotnet::default]
[2018-04-09T05:31:22+00:00] INFO: Starting Chef Run for EC2AMAZ-8ULKNOG
[2018-04-09T05:31:22+00:00] INFO: Running start handlers
[2018-04-09T05:31:22+00:00] INFO: Start handlers complete.
[2018-04-09T05:31:22+00:00] INFO: Loading cookbooks [dotnet@0.1.0]
[2018-04-09T05:31:22+00:00] INFO: Storing updated cookbooks/dotnet/recipes/default.rb in the cache.
[2018-04-09T05:31:22+00:00] INFO: Processing windows_package[4.5] action install (dotnet::default line 7)
[2018-04-09T05:31:22+00:00] INFO: Processing remote_file[C:\Chef\chef-repo\.chef\cache\package\dotNetFx45_Full_setup.exe] action create (dynamically defined)
[2018-04-09T05:31:23+00:00] INFO: remote_file[C:\Chef\chef-repo\.chef\cache\package\dotNetFx45_Full_setup.exe] created file C:\Chef\chef-repo\.chef\cache\package\dotNetFx45_Full_setup.exe
[2018-04-09T05:31:23+00:00] INFO: remote_file[C:\Chef\chef-repo\.chef\cache\package\dotNetFx45_Full_setup.exe] updated file contents C:\Chef\chef-repo\.chef\cache\package\dotNetFx45_Full_setup.exe
[2018-04-09T05:32:37+00:00] INFO: windows_package[4.5] installed 4.5 at latest
[2018-04-09T05:32:37+00:00] INFO: Chef Run complete in 75.505214 seconds
[2018-04-09T05:32:37+00:00] INFO: Running report handlers
[2018-04-09T05:32:37+00:00] INFO: Report handlers complete
