Generated at 2018-04-09 05:22:02 +0000
NoMethodError: undefined method `perform_reboot' for Chef::Resource::WindowsPackage
C:/opscode/chefdk/embedded/lib/ruby/gems/2.4.0/gems/chef-13.8.5-universal-mingw32/lib/chef/resource.rb:1297:in `method_missing'
C:/Chef/chef-repo/.chef/cache/cookbooks/dotnet/recipes/default.rb:9:in `block in from_file'
C:/opscode/chefdk/embedded/lib/ruby/gems/2.4.0/gems/chef-13.8.5-universal-mingw32/lib/chef/resource_builder.rb:66:in `instance_eval'
C:/opscode/chefdk/embedded/lib/ruby/gems/2.4.0/gems/chef-13.8.5-universal-mingw32/lib/chef/resource_builder.rb:66:in `build'
C:/opscode/chefdk/embedded/lib/ruby/gems/2.4.0/gems/chef-13.8.5-universal-mingw32/lib/chef/dsl/declare_resource.rb:293:in `build_resource'
C:/opscode/chefdk/embedded/lib/ruby/gems/2.4.0/gems/chef-13.8.5-universal-mingw32/lib/chef/dsl/declare_resource.rb:250:in `declare_resource'
C:/opscode/chefdk/embedded/lib/ruby/gems/2.4.0/gems/chef-13.8.5-universal-mingw32/lib/chef/dsl/resources.rb:38:in `windows_package'
C:/Chef/chef-repo/.chef/cache/cookbooks/dotnet/recipes/default.rb:7:in `from_file'
C:/opscode/chefdk/embedded/lib/ruby/gems/2.4.0/gems/chef-13.8.5-universal-mingw32/lib/chef/mixin/from_file.rb:30:in `instance_eval'
C:/opscode/chefdk/embedded/lib/ruby/gems/2.4.0/gems/chef-13.8.5-universal-mingw32/lib/chef/mixin/from_file.rb:30:in `from_file'
C:/opscode/chefdk/embedded/lib/ruby/gems/2.4.0/gems/chef-13.8.5-universal-mingw32/lib/chef/cookbook_version.rb:205:in `load_recipe'
C:/opscode/chefdk/embedded/lib/ruby/gems/2.4.0/gems/chef-13.8.5-universal-mingw32/lib/chef/run_context.rb:342:in `load_recipe'
C:/opscode/chefdk/embedded/lib/ruby/gems/2.4.0/gems/chef-13.8.5-universal-mingw32/lib/chef/run_context/cookbook_compiler.rb:163:in `block in compile_recipes'
C:/opscode/chefdk/embedded/lib/ruby/gems/2.4.0/gems/chef-13.8.5-universal-mingw32/lib/chef/run_context/cookbook_compiler.rb:160:in `each'
C:/opscode/chefdk/embedded/lib/ruby/gems/2.4.0/gems/chef-13.8.5-universal-mingw32/lib/chef/run_context/cookbook_compiler.rb:160:in `compile_recipes'
C:/opscode/chefdk/embedded/lib/ruby/gems/2.4.0/gems/chef-13.8.5-universal-mingw32/lib/chef/run_context/cookbook_compiler.rb:77:in `compile'
C:/opscode/chefdk/embedded/lib/ruby/gems/2.4.0/gems/chef-13.8.5-universal-mingw32/lib/chef/run_context.rb:191:in `load'
C:/opscode/chefdk/embedded/lib/ruby/gems/2.4.0/gems/chef-13.8.5-universal-mingw32/lib/chef/policy_builder/expand_node_object.rb:97:in `setup_run_context'
C:/opscode/chefdk/embedded/lib/ruby/gems/2.4.0/gems/chef-13.8.5-universal-mingw32/lib/chef/client.rb:513:in `setup_run_context'
C:/opscode/chefdk/embedded/lib/ruby/gems/2.4.0/gems/chef-13.8.5-universal-mingw32/lib/chef/client.rb:281:in `run'
C:/opscode/chefdk/embedded/lib/ruby/gems/2.4.0/gems/chef-13.8.5-universal-mingw32/lib/chef/application.rb:274:in `run_with_graceful_exit_option'
C:/opscode/chefdk/embedded/lib/ruby/gems/2.4.0/gems/chef-13.8.5-universal-mingw32/lib/chef/application.rb:250:in `block in run_chef_client'
C:/opscode/chefdk/embedded/lib/ruby/gems/2.4.0/gems/chef-13.8.5-universal-mingw32/lib/chef/local_mode.rb:44:in `with_server_connectivity'
C:/opscode/chefdk/embedded/lib/ruby/gems/2.4.0/gems/chef-13.8.5-universal-mingw32/lib/chef/application.rb:233:in `run_chef_client'
C:/opscode/chefdk/embedded/lib/ruby/gems/2.4.0/gems/chef-13.8.5-universal-mingw32/lib/chef/application/client.rb:469:in `sleep_then_run_chef_client'
C:/opscode/chefdk/embedded/lib/ruby/gems/2.4.0/gems/chef-13.8.5-universal-mingw32/lib/chef/application/client.rb:458:in `block in interval_run_chef_client'
C:/opscode/chefdk/embedded/lib/ruby/gems/2.4.0/gems/chef-13.8.5-universal-mingw32/lib/chef/application/client.rb:457:in `loop'
C:/opscode/chefdk/embedded/lib/ruby/gems/2.4.0/gems/chef-13.8.5-universal-mingw32/lib/chef/application/client.rb:457:in `interval_run_chef_client'
C:/opscode/chefdk/embedded/lib/ruby/gems/2.4.0/gems/chef-13.8.5-universal-mingw32/lib/chef/application/client.rb:441:in `run_application'
C:/opscode/chefdk/embedded/lib/ruby/gems/2.4.0/gems/chef-13.8.5-universal-mingw32/lib/chef/application.rb:59:in `run'
C:/opscode/chefdk/embedded/lib/ruby/gems/2.4.0/gems/chef-13.8.5-universal-mingw32/lib/chef/application/solo.rb:225:in `run'
C:/opscode/chefdk/embedded/lib/ruby/gems/2.4.0/gems/chef-13.8.5-universal-mingw32/bin/chef-solo:25:in `<top (required)>'
C:/opscode/chefdk/modules/chef/../../bin/chef-solo:262:in `load'
C:/opscode/chefdk/modules/chef/../../bin/chef-solo:262:in `<main>'